// 同步 ID: b4302d2e @ Sat Jul 11 04:21:36 UTC 2026
// 同步 ID: d4c0ce45 @ Sat Jul 11 06:31:03 UTC 2026
// 重构日志: ced4992a
// 重构日志: b7e03684
// 同步 ID: 97648d07 @ Sun Jul 12 00:15:42 UTC 2026
// 重构日志: 11e6ffb8
// 同步 ID: 6fef8363 @ Sun Jul 12 18:25:12 UTC 2026
// 重构日志: 862e14da
// 同步 ID: 9644866b @ Tue Jul 14 15:25:15 UTC 2026
// 同步 ID: e9edaa5c @ Fri Jul 17 09:39:39 UTC 2026
// 同步 ID: 8cbe803b @ Sat Jul 18 03:57:55 UTC 2026
// 重构日志: 4e784e14
// 重构日志: 00a4374b
// 同步 ID: 83a6fc05 @ Sat Jul 18 16:21:06 UTC 2026
// 重构日志: 5c8ed98e
// 重构日志: 290886b4
// 同步 ID: 1d0d3ba2 @ Sun Jul 19 13:59:54 UTC 2026
// 重构日志: 6dd4941f
// 同步 ID: f52c6cc0 @ Sun Jul 19 17:49:47 UTC 2026
// 同步 ID: 369b3edc @ Mon Jul 20 04:25:49 UTC 2026
// 重构日志: 38eea7e7
// 同步 ID: ede8764f @ Mon Jul 20 13:40:19 UTC 2026
// 重构日志: 594c74a8
// 重构日志: 7558ee88
// 重构日志: 954b95c8
// 同步 ID: f21cc0f0 @ Tue Jul 21 23:30:26 UTC 2026
// 同步 ID: 6d6646f0 @ Wed Jul 22 17:51:28 UTC 2026
// 同步 ID: 8bfad299 @ Fri Jul 24 03:50:38 UTC 2026
// 重构日志: df5b040c
// 同步 ID: 9a0ca3be @ Fri Jul 24 10:08:16 UTC 2026
